# JRE version: Java(TM) SE Runtime Environment (9.0+11) (build 9.0.1+11)
# Java VM: Java HotSpot(TM) 64-Bit Server VM (9.0.1+11, mixed mode, tiered, compressed oops, g1 gc, windows-amd64)
Heap:
 garbage-first heap   total 157696K, used 34702K [0x0000000081c00000, 0x0000000081d004d0, 0x0000000100000000)
  region size 1024K, 9 young (9216K), 9 survivors (9216K)
 Metaspace       used 29703K, capacity 30768K, committed 30848K, reserved 1077248K
  class space    used 3189K, capacity 3420K, committed 3456K, reserved 1048576K
GC Heap History (10 events):
Event: 2.746 GC heap after
{Heap after GC invocations=3 (full 0):
 garbage-first heap   total 131072K, used 7757K [0x0000000081c00000, 0x0000000081d00400, 0x0000000100000000)
  region size 1024K, 3 young (3072K), 3 survivors (3072K)
 Metaspace       used 13299K, capacity 13614K, committed 13824K, reserved 1060864K
  class space    used 1383K, capacity 1471K, committed 1536K, reserved 1048576K
}
Event: 4.746 GC heap before
{Heap before GC invocations=3 (full 0):
 garbage-first heap   total 131072K, used 51789K [0x0000000081c00000, 0x0000000081d00400, 0x0000000100000000)
  region size 1024K, 46 young (47104K), 3 survivors (3072K)
 Metaspace       used 19475K, capacity 19926K, committed 20224K, reserved 1067008K
  class space    used 2112K, capacity 2237K, committed 2304K, reserved 1048576K
}
Event: 4.788 GC heap after
{Heap after GC invocations=4 (full 0):
 garbage-first heap   total 131072K, used 13501K [0x0000000081c00000, 0x0000000081d00400, 0x0000000100000000)
  region size 1024K, 6 young (6144K), 6 survivors (6144K)
 Metaspace       used 19475K, capacity 19926K, committed 20224K, reserved 1067008K
  class space    used 2112K, capacity 2237K, committed 2304K, reserved 1048576K
}
Event: 7.823 GC heap before
{Heap before GC invocations=4 (full 0):
 garbage-first heap   total 131072K, used 46269K [0x0000000081c00000, 0x0000000081d00400, 0x0000000100000000)
  region size 1024K, 39 young (39936K), 6 survivors (6144K)
 Metaspace       used 20618K, capacity 21088K, committed 21296K, reserved 1069056K
  class space    used 2210K, capacity 2344K, committed 2432K, reserved 1048576K
}
Event: 7.844 GC heap after
{Heap after GC invocations=5 (full 0):
 garbage-first heap   total 131072K, used 13930K [0x0000000081c00000, 0x0000000081d00400, 0x0000000100000000)
  region size 1024K, 3 young (3072K), 3 survivors (3072K)
 Metaspace       used 20618K, capacity 21088K, committed 21296K, reserved 1069056K
  class space    used 2210K, capacity 2344K, committed 2432K, reserved 1048576K
}
Event: 10.450 GC heap before
{Heap before GC invocations=6 (full 0):
 garbage-first heap   total 131072K, used 86634K [0x0000000081c00000, 0x0000000081d00400, 0x0000000100000000)
  region size 1024K, 76 young (77824K), 3 survivors (3072K)
 Metaspace       used 27230K, capacity 28206K, committed 28416K, reserved 1075200K
  class space    used 2955K, capacity 3201K, committed 3328K, reserved 1048576K
}
Event: 10.468 GC heap after
{Heap after GC invocations=7 (full 0):
 garbage-first heap   total 131072K, used 18988K [0x0000000081c00000, 0x0000000081d00400, 0x0000000100000000)
  region size 1024K, 10 young (10240K), 10 survivors (10240K)
 Metaspace       used 27230K, capacity 28206K, committed 28416K, reserved 1075200K
  class space    used 2955K, capacity 3201K, committed 3328K, reserved 1048576K
}
Event: 11.456 GC heap before
{Heap before GC invocations=7 (full 0):
 garbage-first heap   total 131072K, used 86572K [0x0000000081c00000, 0x0000000081d00400, 0x0000000100000000)
  region size 1024K, 76 young (77824K), 10 survivors (10240K)
 Metaspace       used 29683K, capacity 30768K, committed 30848K, reserved 1077248K
  class space    used 3189K, capacity 3420K, committed 3456K, reserved 1048576K
}
Event: 11.478 GC heap after
{Heap after GC invocations=8 (full 0):
 garbage-first heap   total 131072K, used 29055K [0x0000000081c00000, 0x0000000081d00400, 0x0000000100000000)
  region size 1024K, 10 young (10240K), 10 survivors (10240K)
 Metaspace       used 29683K, capacity 30768K, committed 30848K, reserved 1077248K
  class space    used 3189K, capacity 3420K, committed 3456K, reserved 1048576K
}
Event: 11.945 GC heap before
{Heap before GC invocations=8 (full 0):
 garbage-first heap   total 131072K, used 89471K [0x0000000081c00000, 0x0000000081d00400, 0x0000000100000000)
  region size 1024K, 69 young (70656K), 10 survivors (10240K)
 Metaspace       used 29703K, capacity 30768K, committed 30848K, reserved 1077248K
  class space    used 3189K, capacity 3420K, committed 3456K, reserved 1048576K
}

